\BOOKMARK [1][-]{section.1}{Introduction}{}% 1
\BOOKMARK [1][-]{section.2}{Contexte}{}% 2
\BOOKMARK [1][-]{section.3}{Visualisation des donn\351es}{}% 3
\BOOKMARK [1][-]{section.4}{Pr\351paration des donn\351es \(Data Engineering\)}{}% 4
\BOOKMARK [2][-]{section*.2}{Modification du jeu de donn\351es}{section.4}% 5
\BOOKMARK [2][-]{subsection.4.1}{Segmentation temporelle}{section.4}% 6
\BOOKMARK [3][-]{subsubsection.4.1.1}{Distinction des vacances}{subsection.4.1}% 7
\BOOKMARK [3][-]{subsubsection.4.1.2}{Distinction des dates de d\351parts}{subsection.4.1}% 8
\BOOKMARK [3][-]{subsubsection.4.1.3}{Segmentation de la p\351riode selon les journ\351es et mois}{subsection.4.1}% 9
\BOOKMARK [3][-]{subsubsection.4.1.4}{Suppression de la colonne date}{subsection.4.1}% 10
\BOOKMARK [2][-]{subsection.4.2}{Influence des cat\351gories}{section.4}% 11
\BOOKMARK [2][-]{subsection.4.3}{Transformation des donn\351es}{section.4}% 12
\BOOKMARK [3][-]{subsubsection.4.3.1}{One Hot Encoding}{subsection.4.3}% 13
\BOOKMARK [3][-]{subsubsection.4.3.2}{Normalisation des donn\351es}{subsection.4.3}% 14
\BOOKMARK [1][-]{section.5}{Mod\351lisation}{}% 15
\BOOKMARK [2][-]{subsection.5.1}{Mod\351lisation bas\351e sur le Data Engineering}{section.5}% 16
\BOOKMARK [3][-]{subsubsection.5.1.1}{M\351thodologie d'\351valuation des mod\350les}{subsection.5.1}% 17
\BOOKMARK [3][-]{subsubsection.5.1.2}{M\351thodologie d'am\351lioration des mod\350les}{subsection.5.1}% 18
\BOOKMARK [3][-]{subsubsection.5.1.3}{R\351gression lin\351aire}{subsection.5.1}% 19
\BOOKMARK [3][-]{subsubsection.5.1.4}{Decision Tree Regressor et Extra Tree Regressor}{subsection.5.1}% 20
\BOOKMARK [3][-]{subsubsection.5.1.5}{Random Forest Regressor}{subsection.5.1}% 21
\BOOKMARK [3][-]{subsubsection.5.1.6}{Gradient Boosting et XGBOOST Regressor}{subsection.5.1}% 22
\BOOKMARK [3][-]{subsubsection.5.1.7}{Multi-layer Perceptron \(MLP\)}{subsection.5.1}% 23
\BOOKMARK [3][-]{subsubsection.5.1.8}{Stacking}{subsection.5.1}% 24
\BOOKMARK [3][-]{subsubsection.5.1.9}{Post-traitement}{subsection.5.1}% 25
\BOOKMARK [2][-]{subsection.5.2}{Mod\351lisation bas\351e sur les Time Series}{section.5}% 26
\BOOKMARK [2][-]{subsection.5.3}{Analyse des r\351sultats}{section.5}% 27
\BOOKMARK [1][-]{section.6}{Conclusion}{}% 28
\BOOKMARK [1][-]{section.7}{Annexe}{}% 29
\BOOKMARK [2][-]{subsection.7.1}{Vente par Cat\351gorie de produit}{section.7}% 30
